<?xml version="1.0" encoding="UTF-8"?>
<robot generator="Robot 3.2.2 (Python 3.8.2 on linux)" generated="20200914 18:05:41.132" rpa="false">
<suite id="s1" name="Login" source="/home/marcelo/Documents/github/AME_QA_Challenge/web/Tests/login.robot">
<test id="s1-t1" name="Creating Username Credentials">
<kw name="Open Browser" library="Selenium2Library">
<doc>Opens a new browser instance to the optional ``url``.</doc>
<arguments>
<arg>${website}</arg>
</arguments>
<msg timestamp="20200914 18:05:41.412" level="FAIL">Variable '${website}' not found.</msg>
<status status="FAIL" starttime="20200914 18:05:41.411" endtime="20200914 18:05:41.412"></status>
</kw>
<doc>User should be able to login website</doc>
<tags>
<tag>Smoke</tag>
</tags>
<status status="FAIL" starttime="20200914 18:05:41.410" endtime="20200914 18:05:41.412" critical="yes">Variable '${website}' not found.</status>
</test>
<test id="s1-t2" name="Filling the Personal Information fields">
<kw name="Wait Until Page Contains" library="Selenium2Library">
<doc>Waits until ``text`` appears on the current page.</doc>
<arguments>
<arg>Your personal information</arg>
</arguments>
<kw name="Capture Page Screenshot" library="Selenium2Library">
<doc>Takes a screenshot of the current page and embeds it into a log file.</doc>
<msg timestamp="20200914 18:05:41.415" level="INFO">Cannot capture screenshot because no browser is open.</msg>
<status status="PASS" starttime="20200914 18:05:41.414" endtime="20200914 18:05:41.415"></status>
</kw>
<msg timestamp="20200914 18:05:41.419" level="FAIL">No browser is open.</msg>
<status status="FAIL" starttime="20200914 18:05:41.414" endtime="20200914 18:05:41.419"></status>
</kw>
<doc>Filling the "YOUR PERSONAL INFORMATION" fields</doc>
<tags>
<tag>usercredentials</tag>
</tags>
<status status="FAIL" starttime="20200914 18:05:41.413" endtime="20200914 18:05:41.419" critical="yes">No browser is open.</status>
</test>
<test id="s1-t3" name="Filling the fields &quot;YOUR ADDRESS&quot;">
<kw name="Input Text" library="Selenium2Library">
<doc>Types the given ``text`` into the text field identified by ``locator``.</doc>
<arguments>
<arg>id=address1</arg>
<arg>${HOMEADDR}</arg>
</arguments>
<msg timestamp="20200914 18:05:41.423" level="FAIL">Variable '${HOMEADDR}' not found.</msg>
<status status="FAIL" starttime="20200914 18:05:41.421" endtime="20200914 18:05:41.423"></status>
</kw>
<doc>Filling the "YOUR ADDRESS" fields</doc>
<tags>
<tag>usercredentials</tag>
</tags>
<status status="FAIL" starttime="20200914 18:05:41.420" endtime="20200914 18:05:41.423" critical="yes">Variable '${HOMEADDR}' not found.</status>
</test>
<doc>Simple QA test for web site http://automationpractice.com/index.php</doc>
<status status="FAIL" starttime="20200914 18:05:41.134" endtime="20200914 18:05:41.424"></status>
</suite>
<statistics>
<total>
<stat pass="0" fail="3">Critical Tests</stat>
<stat pass="0" fail="3">All Tests</stat>
</total>
<tag>
<stat pass="0" fail="1">Smoke</stat>
<stat pass="0" fail="2">usercredentials</stat>
</tag>
<suite>
<stat pass="0" fail="3" id="s1" name="Login">Login</stat>
</suite>
</statistics>
<errors>
<msg timestamp="20200914 18:05:41.409" level="ERROR">Error in file '/home/marcelo/Documents/github/AME_QA_Challenge/web/Tests/login.robot' on line 4: Importing test library '/Resources/Variables.robot' failed: File or directory does not exist.</msg>
</errors>
</robot>
