<?xml version="1.0" encoding="UTF-8"?>
<robot generator="Robot 3.2.2 (Python 3.8.2 on linux)" generated="20201007 13:45:21.336" rpa="false">
<suite id="s1" name="Login" source="/home/marcelo/Documents/github/QA_Challenge/web/Tests/login.robot">
<test id="s1-t1" name="Create a New User">
<kw name="Open Browser" library="Selenium2Library">
<doc>Opens a new browser instance to the optional ``url``.</doc>
<arguments>
<arg>${website}</arg>
<arg>${BROWSER}</arg>
</arguments>
<msg timestamp="20201007 13:45:21.963" level="INFO">Opening browser 'firefox' to base url 'http://automationpractice.com/index.php'.</msg>
<msg timestamp="20201007 13:45:21.964" level="INFO">Firefox driver log is always forced to to: /home/marcelo/Documents/github/QA_Challenge/web/Results/geckodriver-1.log</msg>
<status status="PASS" starttime="20201007 13:45:21.962" endtime="20201007 13:45:33.489"></status>
</kw>
<kw name="Click Link" library="Selenium2Library">
<doc>Clicks a link identified by ``locator``.</doc>
<arguments>
<arg>http://automationpractice.com/index.php?controller=my-account</arg>
</arguments>
<msg timestamp="20201007 13:45:33.490" level="INFO">Clicking link 'http://automationpractice.com/index.php?controller=my-account'.</msg>
<status status="PASS" starttime="20201007 13:45:33.489" endtime="20201007 13:45:35.736"></status>
</kw>
<kw name="Input Text" library="Selenium2Library">
<doc>Types the given ``text`` into the text field identified by ``locator``.</doc>
<arguments>
<arg>xpath= //*[@id="email_create"]</arg>
<arg>${email}</arg>
</arguments>
<msg timestamp="20201007 13:45:35.737" level="INFO">Typing text 'jaoramalho999@gmail.com' into text field 'xpath= //*[@id="email_create"]'.</msg>
<status status="PASS" starttime="20201007 13:45:35.736" endtime="20201007 13:45:35.892"></status>
</kw>
<kw name="Click Button" library="Selenium2Library">
<doc>Clicks the button identified by ``locator``.</doc>
<arguments>
<arg>id=SubmitCreate</arg>
</arguments>
<msg timestamp="20201007 13:45:35.893" level="INFO">Clicking button 'id=SubmitCreate'.</msg>
<status status="PASS" starttime="20201007 13:45:35.893" endtime="20201007 13:45:36.228"></status>
</kw>
<doc>User should be able to login website</doc>
<tags>
<tag>Smoke</tag>
</tags>
<status status="PASS" starttime="20201007 13:45:21.961" endtime="20201007 13:45:36.229" critical="yes"></status>
</test>
<test id="s1-t2" name="Filling the Personal Information fields">
<kw name="Wait Until Page Contains" library="Selenium2Library">
<doc>Waits until ``text`` appears on the current page.</doc>
<arguments>
<arg>Your personal information</arg>
</arguments>
<status status="PASS" starttime="20201007 13:45:36.233" endtime="20201007 13:45:37.383"></status>
</kw>
<kw name="Input Text" library="Selenium2Library">
<doc>Types the given ``text`` into the text field identified by ``locator``.</doc>
<arguments>
<arg>id=customer_firstname</arg>
<arg>${Username}</arg>
</arguments>
<msg timestamp="20201007 13:45:37.384" level="INFO">Typing text 'Joao' into text field 'id=customer_firstname'.</msg>
<status status="PASS" starttime="20201007 13:45:37.383" endtime="20201007 13:45:37.462"></status>
</kw>
<kw name="Input Text" library="Selenium2Library">
<doc>Types the given ``text`` into the text field identified by ``locator``.</doc>
<arguments>
<arg>id=customer_lastname</arg>
<arg>${LastName}</arg>
</arguments>
<msg timestamp="20201007 13:45:37.464" level="INFO">Typing text 'Ramalho' into text field 'id=customer_lastname'.</msg>
<status status="PASS" starttime="20201007 13:45:37.463" endtime="20201007 13:45:37.539"></status>
</kw>
<kw name="Input Text" library="Selenium2Library">
<doc>Types the given ``text`` into the text field identified by ``locator``.</doc>
<arguments>
<arg>id=passwd</arg>
<arg>${password}</arg>
</arguments>
<msg timestamp="20201007 13:45:37.540" level="INFO">Typing text 'J0rmlh!2020' into text field 'id=passwd'.</msg>
<status status="PASS" starttime="20201007 13:45:37.539" endtime="20201007 13:45:37.611"></status>
</kw>
<kw name="Wait Until Page Contains" library="Selenium2Library">
<doc>Waits until ``text`` appears on the current page.</doc>
<arguments>
<arg>Date of Birth</arg>
</arguments>
<status status="PASS" starttime="20201007 13:45:37.611" endtime="20201007 13:45:37.627"></status>
</kw>
<kw name="Select From List By Index" library="Selenium2Library">
<doc>Selects options from selection list ``locator`` by ``indexes``.</doc>
<arguments>
<arg>id=days</arg>
<arg>10</arg>
</arguments>
<msg timestamp="20201007 13:45:37.628" level="INFO">Selecting options from selection list 'id=days' by index 10.</msg>
<status status="PASS" starttime="20201007 13:45:37.628" endtime="20201007 13:45:38.047"></status>
</kw>
<kw name="Sleep" library="BuiltIn">
<doc>Pauses the test executed for the given time.</doc>
<arguments>
<arg>2</arg>
</arguments>
<msg timestamp="20201007 13:45:40.048" level="INFO">Slept 2 seconds</msg>
<status status="PASS" starttime="20201007 13:45:38.048" endtime="20201007 13:45:40.049"></status>
</kw>
<kw name="Select From List By Index" library="Selenium2Library">
<doc>Selects options from selection list ``locator`` by ``indexes``.</doc>
<arguments>
<arg>id=months</arg>
<arg>7</arg>
</arguments>
<msg timestamp="20201007 13:45:40.050" level="INFO">Selecting options from selection list 'id=months' by index 7.</msg>
<status status="PASS" starttime="20201007 13:45:40.049" endtime="20201007 13:45:40.455"></status>
</kw>
<kw name="Sleep" library="BuiltIn">
<doc>Pauses the test executed for the given time.</doc>
<arguments>
<arg>2</arg>
</arguments>
<msg timestamp="20201007 13:45:42.458" level="INFO">Slept 2 seconds</msg>
<status status="PASS" starttime="20201007 13:45:40.456" endtime="20201007 13:45:42.459"></status>
</kw>
<kw name="Select From List By Index" library="Selenium2Library">
<doc>Selects options from selection list ``locator`` by ``indexes``.</doc>
<arguments>
<arg>id=years</arg>
<arg>47</arg>
</arguments>
<msg timestamp="20201007 13:45:42.461" level="INFO">Selecting options from selection list 'id=years' by index 47.</msg>
<status status="PASS" starttime="20201007 13:45:42.460" endtime="20201007 13:45:43.378"></status>
</kw>
<doc>Filling the "YOUR PERSONAL INFORMATION" fields</doc>
<tags>
<tag>usercredentials</tag>
</tags>
<status status="PASS" starttime="20201007 13:45:36.231" endtime="20201007 13:45:43.378" critical="yes"></status>
</test>
<test id="s1-t3" name="Fill the Address fields">
<kw name="Input Text" library="Selenium2Library">
<doc>Types the given ``text`` into the text field identified by ``locator``.</doc>
<arguments>
<arg>id=address1</arg>
<arg>${HOMEADDR}</arg>
</arguments>
<msg timestamp="20201007 13:45:43.382" level="INFO">Typing text 'Grey Friars Chase,1701 Street' into text field 'id=address1'.</msg>
<status status="PASS" starttime="20201007 13:45:43.381" endtime="20201007 13:45:43.485"></status>
</kw>
<kw name="Input Text" library="Selenium2Library">
<doc>Types the given ``text`` into the text field identified by ``locator``.</doc>
<arguments>
<arg>id=city</arg>
<arg>${City}</arg>
</arguments>
<msg timestamp="20201007 13:45:43.486" level="INFO">Typing text 'Virginia Beach' into text field 'id=city'.</msg>
<status status="PASS" starttime="20201007 13:45:43.486" endtime="20201007 13:45:43.546"></status>
</kw>
<kw name="Sleep" library="BuiltIn">
<doc>Pauses the test executed for the given time.</doc>
<arguments>
<arg>2</arg>
</arguments>
<msg timestamp="20201007 13:45:45.548" level="INFO">Slept 2 seconds</msg>
<status status="PASS" starttime="20201007 13:45:43.546" endtime="20201007 13:45:45.548"></status>
</kw>
<kw name="Select From List By Label" library="Selenium2Library">
<doc>Selects options from selection list ``locator`` by ``labels``.</doc>
<arguments>
<arg>id_state</arg>
<arg>Virginia</arg>
</arguments>
<msg timestamp="20201007 13:45:45.550" level="INFO">Selecting options from selection list 'id_state' by label Virginia.</msg>
<status status="PASS" starttime="20201007 13:45:45.549" endtime="20201007 13:45:45.891"></status>
</kw>
<kw name="Input Text" library="Selenium2Library">
<doc>Types the given ``text`` into the text field identified by ``locator``.</doc>
<arguments>
<arg>id=postcode</arg>
<arg>458659011</arg>
</arguments>
<msg timestamp="20201007 13:45:45.893" level="INFO">Typing text '458659011' into text field 'id=postcode'.</msg>
<status status="PASS" starttime="20201007 13:45:45.892" endtime="20201007 13:45:45.950"></status>
</kw>
<kw name="Select From List By Label" library="Selenium2Library">
<doc>Selects options from selection list ``locator`` by ``labels``.</doc>
<arguments>
<arg>id=id_country</arg>
<arg>United States</arg>
</arguments>
<msg timestamp="20201007 13:45:45.951" level="INFO">Selecting options from selection list 'id=id_country' by label United States.</msg>
<status status="PASS" starttime="20201007 13:45:45.951" endtime="20201007 13:45:46.000"></status>
</kw>
<kw name="Input Text" library="Selenium2Library">
<doc>Types the given ``text`` into the text field identified by ``locator``.</doc>
<arguments>
<arg>id=phone</arg>
<arg>+17572012044488</arg>
</arguments>
<msg timestamp="20201007 13:45:46.001" level="INFO">Typing text '+17572012044488' into text field 'id=phone'.</msg>
<status status="PASS" starttime="20201007 13:45:46.001" endtime="20201007 13:45:46.062"></status>
</kw>
<kw name="Input Text" library="Selenium2Library">
<doc>Types the given ``text`` into the text field identified by ``locator``.</doc>
<arguments>
<arg>id=phone_mobile</arg>
<arg>+17578444587</arg>
</arguments>
<msg timestamp="20201007 13:45:46.063" level="INFO">Typing text '+17578444587' into text field 'id=phone_mobile'.</msg>
<status status="PASS" starttime="20201007 13:45:46.062" endtime="20201007 13:45:46.122"></status>
</kw>
<kw name="Input Text" library="Selenium2Library">
<doc>Types the given ``text`` into the text field identified by ``locator``.</doc>
<arguments>
<arg>id=alias</arg>
<arg>${HOMEADDR}</arg>
</arguments>
<msg timestamp="20201007 13:45:46.123" level="INFO">Typing text 'Grey Friars Chase,1701 Street' into text field 'id=alias'.</msg>
<status status="PASS" starttime="20201007 13:45:46.122" endtime="20201007 13:45:46.216"></status>
</kw>
<kw name="Click Button" library="Selenium2Library">
<doc>Clicks the button identified by ``locator``.</doc>
<arguments>
<arg>id=submitAccount</arg>
</arguments>
<msg timestamp="20201007 13:45:46.217" level="INFO">Clicking button 'id=submitAccount'.</msg>
<status status="PASS" starttime="20201007 13:45:46.216" endtime="20201007 13:45:48.481"></status>
</kw>
<kw name="Sleep" library="BuiltIn">
<doc>Pauses the test executed for the given time.</doc>
<arguments>
<arg>4s</arg>
</arguments>
<msg timestamp="20201007 13:45:52.482" level="INFO">Slept 4 seconds</msg>
<status status="PASS" starttime="20201007 13:45:48.481" endtime="20201007 13:45:52.483"></status>
</kw>
<kw name="Close Browser" library="Selenium2Library">
<doc>Closes the current browser.</doc>
<status status="PASS" starttime="20201007 13:45:52.483" endtime="20201007 13:45:54.777"></status>
</kw>
<doc>Filling the "YOUR ADDRESS" fields</doc>
<tags>
<tag>usercredentials</tag>
</tags>
<status status="PASS" starttime="20201007 13:45:43.380" endtime="20201007 13:45:54.778" critical="yes"></status>
</test>
<doc>Simple QA test for web site http://automationpractice.com/index.php</doc>
<status status="PASS" starttime="20201007 13:45:21.338" endtime="20201007 13:45:54.781"></status>
</suite>
<statistics>
<total>
<stat pass="3" fail="0">Critical Tests</stat>
<stat pass="3" fail="0">All Tests</stat>
</total>
<tag>
<stat pass="1" fail="0">Smoke</stat>
<stat pass="2" fail="0">usercredentials</stat>
</tag>
<suite>
<stat pass="3" fail="0" id="s1" name="Login">Login</stat>
</suite>
</statistics>
<errors>
</errors>
</robot>
