<?xml version="1.0" encoding="UTF-8"?>
<robot generator="Robot 3.2.2 (Python 3.8.2 on linux)" generated="20200914 18:21:51.918" rpa="false">
<suite id="s1" name="Login" source="/home/marcelo/Documents/github/AME_QA_Challenge/web/Tests/login.robot">
<test id="s1-t1" name="Creating Username Credentials">
<kw name="Open Browser" library="Selenium2Library">
<doc>Opens a new browser instance to the optional ``url``.</doc>
<arguments>
<arg>${website}</arg>
</arguments>
<msg timestamp="20200914 18:21:52.242" level="INFO">Opening browser 'firefox' to base url 'http://automationpractice.com/index.php'.</msg>
<msg timestamp="20200914 18:21:52.243" level="INFO">Firefox driver log is always forced to to: /home/marcelo/Documents/github/AME_QA_Challenge/web/Results/geckodriver-1.log</msg>
<status status="PASS" starttime="20200914 18:21:52.241" endtime="20200914 18:22:07.996"></status>
</kw>
<kw name="Click Link" library="Selenium2Library">
<doc>Clicks a link identified by ``locator``.</doc>
<arguments>
<arg>http://automationpractice.com/index.php?controller=my-account</arg>
</arguments>
<msg timestamp="20200914 18:22:08.010" level="INFO">Clicking link 'http://automationpractice.com/index.php?controller=my-account'.</msg>
<status status="PASS" starttime="20200914 18:22:07.997" endtime="20200914 18:22:09.956"></status>
</kw>
<kw name="Input Text" library="Selenium2Library">
<doc>Types the given ``text`` into the text field identified by ``locator``.</doc>
<arguments>
<arg>xpath= //*[@id="email_create"]</arg>
<arg>${email}</arg>
</arguments>
<msg timestamp="20200914 18:22:09.958" level="INFO">Typing text 'jaoramalho999@gmail.com' into text field 'xpath= //*[@id="email_create"]'.</msg>
<status status="PASS" starttime="20200914 18:22:09.957" endtime="20200914 18:22:10.191"></status>
</kw>
<kw name="Click Button" library="Selenium2Library">
<doc>Clicks the button identified by ``locator``.</doc>
<arguments>
<arg>id=SubmitCreate</arg>
</arguments>
<msg timestamp="20200914 18:22:10.194" level="INFO">Clicking button 'id=SubmitCreate'.</msg>
<status status="PASS" starttime="20200914 18:22:10.194" endtime="20200914 18:22:10.554"></status>
</kw>
<doc>User should be able to login website</doc>
<tags>
<tag>Smoke</tag>
</tags>
<status status="PASS" starttime="20200914 18:21:52.240" endtime="20200914 18:22:10.555" critical="yes"></status>
</test>
<test id="s1-t2" name="Filling the Personal Information fields">
<kw name="Wait Until Page Contains" library="Selenium2Library">
<doc>Waits until ``text`` appears on the current page.</doc>
<arguments>
<arg>Your personal information</arg>
</arguments>
<status status="PASS" starttime="20200914 18:22:10.560" endtime="20200914 18:22:12.247"></status>
</kw>
<kw name="Input Text" library="Selenium2Library">
<doc>Types the given ``text`` into the text field identified by ``locator``.</doc>
<arguments>
<arg>id=customer_firstname</arg>
<arg>${Username}</arg>
</arguments>
<msg timestamp="20200914 18:22:12.247" level="INFO">Typing text 'Joao' into text field 'id=customer_firstname'.</msg>
<status status="PASS" starttime="20200914 18:22:12.247" endtime="20200914 18:22:12.356"></status>
</kw>
<kw name="Input Text" library="Selenium2Library">
<doc>Types the given ``text`` into the text field identified by ``locator``.</doc>
<arguments>
<arg>id=customer_lastname</arg>
<arg>${LastName}</arg>
</arguments>
<msg timestamp="20200914 18:22:12.357" level="INFO">Typing text 'Ramalho' into text field 'id=customer_lastname'.</msg>
<status status="PASS" starttime="20200914 18:22:12.356" endtime="20200914 18:22:12.456"></status>
</kw>
<kw name="Input Text" library="Selenium2Library">
<doc>Types the given ``text`` into the text field identified by ``locator``.</doc>
<arguments>
<arg>id=passwd</arg>
<arg>${password}</arg>
</arguments>
<msg timestamp="20200914 18:22:12.457" level="INFO">Typing text 'J0rmlh!2020' into text field 'id=passwd'.</msg>
<status status="PASS" starttime="20200914 18:22:12.456" endtime="20200914 18:22:12.858"></status>
</kw>
<doc>Filling the "YOUR PERSONAL INFORMATION" fields</doc>
<tags>
<tag>usercredentials</tag>
</tags>
<status status="PASS" starttime="20200914 18:22:10.556" endtime="20200914 18:22:12.859" critical="yes"></status>
</test>
<test id="s1-t3" name="Filling the fields &quot;YOUR ADDRESS&quot;">
<kw name="Input Text" library="Selenium2Library">
<doc>Types the given ``text`` into the text field identified by ``locator``.</doc>
<arguments>
<arg>id=address1</arg>
<arg>${HOMEADDR}</arg>
</arguments>
<msg timestamp="20200914 18:22:12.862" level="INFO">Typing text 'Grey Friars Chase,1701 Street' into text field 'id=address1'.</msg>
<status status="PASS" starttime="20200914 18:22:12.862" endtime="20200914 18:22:13.081"></status>
</kw>
<kw name="Input Text" library="Selenium2Library">
<doc>Types the given ``text`` into the text field identified by ``locator``.</doc>
<arguments>
<arg>id=city</arg>
<arg>${City}</arg>
</arguments>
<msg timestamp="20200914 18:22:13.083" level="INFO">Typing text 'Virginia Beach' into text field 'id=city'.</msg>
<status status="PASS" starttime="20200914 18:22:13.081" endtime="20200914 18:22:13.193"></status>
</kw>
<kw name="Sleep" library="BuiltIn">
<doc>Pauses the test executed for the given time.</doc>
<arguments>
<arg>2</arg>
</arguments>
<msg timestamp="20200914 18:22:15.194" level="INFO">Slept 2 seconds</msg>
<status status="PASS" starttime="20200914 18:22:13.193" endtime="20200914 18:22:15.194"></status>
</kw>
<kw name="Select List From by index">
<arguments>
<arg>id_state</arg>
<arg>46</arg>
</arguments>
<msg timestamp="20200914 18:22:15.203" level="FAIL">No keyword with name 'Select List From by index' found.</msg>
<status status="FAIL" starttime="20200914 18:22:15.202" endtime="20200914 18:22:15.203"></status>
</kw>
<doc>Filling the "YOUR ADDRESS" fields</doc>
<tags>
<tag>usercredentials</tag>
</tags>
<status status="FAIL" starttime="20200914 18:22:12.860" endtime="20200914 18:22:15.203" critical="yes">No keyword with name 'Select List From by index' found.</status>
</test>
<doc>Simple QA test for web site http://automationpractice.com/index.php</doc>
<status status="FAIL" starttime="20200914 18:21:51.920" endtime="20200914 18:22:15.208"></status>
</suite>
<statistics>
<total>
<stat pass="2" fail="1">Critical Tests</stat>
<stat pass="2" fail="1">All Tests</stat>
</total>
<tag>
<stat pass="1" fail="0">Smoke</stat>
<stat pass="1" fail="1">usercredentials</stat>
</tag>
<suite>
<stat pass="2" fail="1" id="s1" name="Login">Login</stat>
</suite>
</statistics>
<errors>
</errors>
</robot>
