<?xml version="1.0" encoding="UTF-8"?>
<robot generator="Robot 3.2.2 (Python 3.8.2 on linux)" generated="20200914 17:54:46.704" rpa="false">
<suite id="s1" name="Login" source="/home/marcelo/Documents/github/AME_QA_Challenge/web/Tests/login.robot">
<test id="s1-t1" name="Creating Username Credentials">
<kw name="Open Browser" library="Selenium2Library">
<doc>Opens a new browser instance to the optional ``url``.</doc>
<arguments>
<arg>${website}</arg>
</arguments>
<msg timestamp="20200914 17:54:46.922" level="INFO">Opening browser 'firefox' to base url 'http://automationpractice.com/index.php'.</msg>
<msg timestamp="20200914 17:54:46.923" level="INFO">Firefox driver log is always forced to to: /home/marcelo/Documents/github/AME_QA_Challenge/web/Results/geckodriver-6.log</msg>
<status status="PASS" starttime="20200914 17:54:46.922" endtime="20200914 17:54:56.581"></status>
</kw>
<kw name="Click Link" library="Selenium2Library">
<doc>Clicks a link identified by ``locator``.</doc>
<arguments>
<arg>http://automationpractice.com/index.php?controller=my-account</arg>
</arguments>
<msg timestamp="20200914 17:54:56.582" level="INFO">Clicking link 'http://automationpractice.com/index.php?controller=my-account'.</msg>
<status status="PASS" starttime="20200914 17:54:56.581" endtime="20200914 17:54:58.194"></status>
</kw>
<kw name="Input Text" library="Selenium2Library">
<doc>Types the given ``text`` into the text field identified by ``locator``.</doc>
<arguments>
<arg>xpath= //*[@id="email_create"]</arg>
<arg>${email}</arg>
</arguments>
<msg timestamp="20200914 17:54:58.195" level="INFO">Typing text 'jaoramalho999@gmail.com' into text field 'xpath= //*[@id="email_create"]'.</msg>
<status status="PASS" starttime="20200914 17:54:58.194" endtime="20200914 17:54:58.367"></status>
</kw>
<kw name="Click Button" library="Selenium2Library">
<doc>Clicks the button identified by ``locator``.</doc>
<arguments>
<arg>id=SubmitCreate</arg>
</arguments>
<msg timestamp="20200914 17:54:58.368" level="INFO">Clicking button 'id=SubmitCreate'.</msg>
<status status="PASS" starttime="20200914 17:54:58.367" endtime="20200914 17:54:58.673"></status>
</kw>
<doc>User should be able to login website</doc>
<tags>
<tag>Smoke</tag>
</tags>
<status status="PASS" starttime="20200914 17:54:46.921" endtime="20200914 17:54:58.673" critical="yes"></status>
</test>
<test id="s1-t2" name="Filling the Personal Information fields">
<kw name="Wait Until Page Contains" library="Selenium2Library">
<doc>Waits until ``text`` appears on the current page.</doc>
<arguments>
<arg>Your personal information</arg>
</arguments>
<status status="PASS" starttime="20200914 17:54:58.677" endtime="20200914 17:54:59.800"></status>
</kw>
<kw name="Input Text" library="Selenium2Library">
<doc>Types the given ``text`` into the text field identified by ``locator``.</doc>
<arguments>
<arg>id=customer_firstname</arg>
<arg>${Username}</arg>
</arguments>
<msg timestamp="20200914 17:54:59.801" level="INFO">Typing text 'Joao' into text field 'id=customer_firstname'.</msg>
<status status="PASS" starttime="20200914 17:54:59.801" endtime="20200914 17:54:59.875"></status>
</kw>
<kw name="Input Text" library="Selenium2Library">
<doc>Types the given ``text`` into the text field identified by ``locator``.</doc>
<arguments>
<arg>id=customer_lastname</arg>
<arg>${LastName}</arg>
</arguments>
<msg timestamp="20200914 17:54:59.876" level="INFO">Typing text 'Ramalho' into text field 'id=customer_lastname'.</msg>
<status status="PASS" starttime="20200914 17:54:59.875" endtime="20200914 17:54:59.926"></status>
</kw>
<kw name="Input Text" library="Selenium2Library">
<doc>Types the given ``text`` into the text field identified by ``locator``.</doc>
<arguments>
<arg>id=passwd</arg>
<arg>${password}</arg>
</arguments>
<msg timestamp="20200914 17:54:59.927" level="INFO">Typing text 'J0rmlh!2020' into text field 'id=passwd'.</msg>
<status status="PASS" starttime="20200914 17:54:59.926" endtime="20200914 17:54:59.984"></status>
</kw>
<doc>Filling the "YOUR PERSONAL INFORMATION" fields</doc>
<tags>
<tag>usercredentials</tag>
</tags>
<status status="PASS" starttime="20200914 17:54:58.675" endtime="20200914 17:54:59.984" critical="yes"></status>
</test>
<test id="s1-t3" name="Filling the fields &quot;YOUR ADDRESS&quot;">
<kw name="Input Text" library="Selenium2Library">
<doc>Types the given ``text`` into the text field identified by ``locator``.</doc>
<arguments>
<arg>id=address1</arg>
<arg>${HOMEADDR}</arg>
</arguments>
<msg timestamp="20200914 17:54:59.986" level="INFO">Typing text 'Grey Friars Chase,1701 Street' into text field 'id=address1'.</msg>
<status status="PASS" starttime="20200914 17:54:59.986" endtime="20200914 17:55:00.091"></status>
</kw>
<kw name="Input Text" library="Selenium2Library">
<doc>Types the given ``text`` into the text field identified by ``locator``.</doc>
<arguments>
<arg>id=city</arg>
<arg>${City}</arg>
</arguments>
<msg timestamp="20200914 17:55:00.092" level="INFO">Typing text 'Virginia Beach' into text field 'id=city'.</msg>
<status status="PASS" starttime="20200914 17:55:00.091" endtime="20200914 17:55:00.152"></status>
</kw>
<kw name="Sleep" library="BuiltIn">
<doc>Pauses the test executed for the given time.</doc>
<arguments>
<arg>2</arg>
</arguments>
<msg timestamp="20200914 17:55:02.154" level="INFO">Slept 2 seconds</msg>
<status status="PASS" starttime="20200914 17:55:00.153" endtime="20200914 17:55:02.154"></status>
</kw>
<kw name="Select List From by index">
<arguments>
<arg>id_state</arg>
<arg>46</arg>
</arguments>
<msg timestamp="20200914 17:55:02.164" level="FAIL">No keyword with name 'Select List From by index' found.</msg>
<status status="FAIL" starttime="20200914 17:55:02.164" endtime="20200914 17:55:02.165"></status>
</kw>
<doc>Filling the "YOUR ADDRESS" fields</doc>
<tags>
<tag>usercredentials</tag>
</tags>
<status status="FAIL" starttime="20200914 17:54:59.985" endtime="20200914 17:55:02.165" critical="yes">No keyword with name 'Select List From by index' found.</status>
</test>
<doc>Simple QA test for web site http://automationpractice.com/index.php</doc>
<status status="FAIL" starttime="20200914 17:54:46.706" endtime="20200914 17:55:02.167"></status>
</suite>
<statistics>
<total>
<stat pass="2" fail="1">Critical Tests</stat>
<stat pass="2" fail="1">All Tests</stat>
</total>
<tag>
<stat pass="1" fail="0">Smoke</stat>
<stat pass="1" fail="1">usercredentials</stat>
</tag>
<suite>
<stat pass="2" fail="1" id="s1" name="Login">Login</stat>
</suite>
</statistics>
<errors>
</errors>
</robot>
